{
  "test/fixtures/c8/all/vanilla/loaded.js": {
    "path": "test/fixtures/c8/all/vanilla/loaded.js",
    "all": false,
    "statementMap": {
      "0": {
        "start": {
          "line": 1,
          "column": 0
        },
        "end": {
          "line": 1,
          "column": 39
        }
      },
      "1": {
        "start": {
          "line": 2,
          "column": 0
        },
        "end": {
          "line": 2,
          "column": 29
        }
      },
      "2": {
        "start": {
          "line": 3,
          "column": 0
        },
        "end": {
          "line": 3,
          "column": 18
        }
      },
      "3": {
        "start": {
          "line": 4,
          "column": 0
        },
        "end": {
          "line": 4,
          "column": 18
        }
      },
      "4": {
        "start": {
          "line": 5,
          "column": 0
        },
        "end": {
          "line": 5,
          "column": 5
        }
      },
      "5": {
        "start": {
          "line": 6,
          "column": 0
        },
        "end": {
          "line": 6,
          "column": 22
        }
      },
      "6": {
        "start": {
          "line": 7,
          "column": 0
        },
        "end": {
          "line": 7,
          "column": 19
        }
      },
      "7": {
        "start": {
          "line": 8,
          "column": 0
        },
        "end": {
          "line": 8,
          "column": 5
        }
      },
      "8": {
        "start": {
          "line": 9,
          "column": 0
        },
        "end": {
          "line": 9,
          "column": 20
        }
      },
      "9": {
        "start": {
          "line": 10,
          "column": 0
        },
        "end": {
          "line": 10,
          "column": 23
        }
      },
      "10": {
        "start": {
          "line": 11,
          "column": 0
        },
        "end": {
          "line": 11,
          "column": 5
        }
      },
      "11": {
        "start": {
          "line": 12,
          "column": 0
        },
        "end": {
          "line": 12,
          "column": 10
        }
      },
      "12": {
        "start": {
          "line": 13,
          "column": 0
        },
        "end": {
          "line": 13,
          "column": 23
        }
      },
      "13": {
        "start": {
          "line": 14,
          "column": 0
        },
        "end": {
          "line": 14,
          "column": 5
        }
      },
      "14": {
        "start": {
          "line": 15,
          "column": 0
        },
        "end": {
          "line": 15,
          "column": 3
        }
      },
      "15": {
        "start": {
          "line": 16,
          "column": 0
        },
        "end": {
          "line": 16,
          "column": 8
        }
      },
      "16": {
        "start": {
          "line": 17,
          "column": 0
        },
        "end": {
          "line": 17,
          "column": 17
        }
      },
      "17": {
        "start": {
          "line": 18,
          "column": 0
        },
        "end": {
          "line": 18,
          "column": 3
        }
      },
      "18": {
        "start": {
          "line": 19,
          "column": 0
        },
        "end": {
          "line": 19,
          "column": 1
        }
      }
    },
    "s": {
      "0": 1,
      "1": 3,
      "2": 3,
      "3": 0,
      "4": 0,
      "5": 3,
      "6": 1,
      "7": 1,
      "8": 2,
      "9": 1,
      "10": 1,
      "11": 1,
      "12": 1,
      "13": 1,
      "14": 3,
      "15": 0,
      "16": 0,
      "17": 0,
      "18": 3
    },
    "branchMap": {
      "0": {
        "type": "branch",
        "line": 1,
        "loc": {
          "start": {
            "line": 1,
            "column": 0
          },
          "end": {
            "line": 19,
            "column": 1
          }
        },
        "locations": [
          {
            "start": {
              "line": 1,
              "column": 0
            },
            "end": {
              "line": 19,
              "column": 1
            }
          }
        ]
      },
      "1": {
        "type": "branch",
        "line": 1,
        "loc": {
          "start": {
            "line": 1,
            "column": 17
          },
          "end": {
            "line": 19,
            "column": 1
          }
        },
        "locations": [
          {
            "start": {
              "line": 1,
              "column": 17
            },
            "end": {
              "line": 19,
              "column": 1
            }
          }
        ]
      },
      "2": {
        "type": "branch",
        "line": 3,
        "loc": {
          "start": {
            "line": 3,
            "column": 17
          },
          "end": {
            "line": 5,
            "column": 5
          }
        },
        "locations": [
          {
            "start": {
              "line": 3,
              "column": 17
            },
            "end": {
              "line": 5,
              "column": 5
            }
          }
        ]
      },
      "3": {
        "type": "branch",
        "line": 6,
        "loc": {
          "start": {
            "line": 6,
            "column": 21
          },
          "end": {
            "line": 8,
            "column": 5
          }
        },
        "locations": [
          {
            "start": {
              "line": 6,
              "column": 21
            },
            "end": {
              "line": 8,
              "column": 5
            }
          }
        ]
      },
      "4": {
        "type": "branch",
        "line": 9,
        "loc": {
          "start": {
            "line": 9,
            "column": -1
          },
          "end": {
            "line": 14,
            "column": 5
          }
        },
        "locations": [
          {
            "start": {
              "line": 9,
              "column": -1
            },
            "end": {
              "line": 14,
              "column": 5
            }
          }
        ]
      },
      "5": {
        "type": "branch",
        "line": 9,
        "loc": {
          "start": {
            "line": 9,
            "column": 19
          },
          "end": {
            "line": 14,
            "column": 5
          }
        },
        "locations": [
          {
            "start": {
              "line": 9,
              "column": 19
            },
            "end": {
              "line": 14,
              "column": 5
            }
          }
        ]
      },
      "6": {
        "type": "branch",
        "line": 16,
        "loc": {
          "start": {
            "line": 16,
            "column": -1
          },
          "end": {
            "line": 18,
            "column": 3
          }
        },
        "locations": [
          {
            "start": {
              "line": 16,
              "column": -1
            },
            "end": {
              "line": 18,
              "column": 3
            }
          }
        ]
      }
    },
    "b": {
      "0": [
        1
      ],
      "1": [
        3
      ],
      "2": [
        0
      ],
      "3": [
        1
      ],
      "4": [
        2
      ],
      "5": [
        1
      ],
      "6": [
        0
      ]
    },
    "fnMap": {
      "0": {
        "name": "getString",
        "decl": {
          "start": {
            "line": 1,
            "column": 17
          },
          "end": {
            "line": 19,
            "column": 1
          }
        },
        "loc": {
          "start": {
            "line": 1,
            "column": 17
          },
          "end": {
            "line": 19,
            "column": 1
          }
        },
        "line": 1
      }
    },
    "f": {
      "0": 3
    }
  },
  "test/fixtures/c8/all/vanilla/main.js": {
    "path": "test/fixtures/c8/all/vanilla/main.js",
    "all": false,
    "statementMap": {
      "0": {
        "start": {
          "line": 1,
          "column": 0
        },
        "end": {
          "line": 1,
          "column": 38
        }
      },
      "1": {
        "start": {
          "line": 2,
          "column": 0
        },
        "end": {
          "line": 2,
          "column": 22
        }
      },
      "2": {
        "start": {
          "line": 3,
          "column": 0
        },
        "end": {
          "line": 3,
          "column": 22
        }
      },
      "3": {
        "start": {
          "line": 4,
          "column": 0
        },
        "end": {
          "line": 4,
          "column": 23
        }
      }
    },
    "s": {
      "0": 1,
      "1": 1,
      "2": 1,
      "3": 1
    },
    "branchMap": {
      "0": {
        "type": "branch",
        "line": 1,
        "loc": {
          "start": {
            "line": 1,
            "column": 0
          },
          "end": {
            "line": 4,
            "column": 23
          }
        },
        "locations": [
          {
            "start": {
              "line": 1,
              "column": 0
            },
            "end": {
              "line": 4,
              "column": 23
            }
          }
        ]
      }
    },
    "b": {
      "0": [
        1
      ]
    },
    "fnMap": {},
    "f": {}
  },
  "test/fixtures/c8/all/vanilla/dir/unloaded.js": {
    "path": "test/fixtures/c8/all/vanilla/dir/unloaded.js",
    "all": true,
    "statementMap": {
      "0": {
        "start": {
          "line": 1,
          "column": 0
        },
        "end": {
          "line": 1,
          "column": 37
        }
      },
      "1": {
        "start": {
          "line": 2,
          "column": 0
        },
        "end": {
          "line": 2,
          "column": 26
        }
      },
      "2": {
        "start": {
          "line": 3,
          "column": 0
        },
        "end": {
          "line": 3,
          "column": 1
        }
      },
      "3": {
        "start": {
          "line": 4,
          "column": 0
        },
        "end": {
          "line": 4,
          "column": 0
        }
      },
      "4": {
        "start": {
          "line": 5,
          "column": 0
        },
        "end": {
          "line": 5,
          "column": 54
        }
      }
    },
    "s": {
      "0": 0,
      "1": 0,
      "2": 0,
      "3": 0,
      "4": 0
    },
    "branchMap": {
      "0": {
        "type": "branch",
        "line": 1,
        "loc": {
          "start": {
            "line": 1,
            "column": 0
          },
          "end": {
            "line": 5,
            "column": 54
          }
        },
        "locations": [
          {
            "start": {
              "line": 1,
              "column": 0
            },
            "end": {
              "line": 5,
              "column": 54
            }
          }
        ]
      }
    },
    "b": {
      "0": [
        0
      ]
    },
    "fnMap": {
      "0": {
        "name": "(empty-report)",
        "decl": {
          "start": {
            "line": 1,
            "column": 0
          },
          "end": {
            "line": 5,
            "column": 54
          }
        },
        "loc": {
          "start": {
            "line": 1,
            "column": 0
          },
          "end": {
            "line": 5,
            "column": 54
          }
        },
        "line": 1
      }
    },
    "f": {
      "0": 0
    }
  }
}